Buildfile: /home/apurv/Desktop/Jarvis/Leia/build.xml

compile:

run:
     [java] ------------------ DNS SERVER LOG START ----------------------
     [java]  PUBLISHER 			:		2
     [java]  CONSUMER TYPE 		:		TTS(ID: 1, PRIORITY: 0)
     [java]  PRIORITY 			:		1
     [java]  MESSAGE TYPE 		:		(Type : REGISTER , Code: 1 )
     [java]  TIME STAMP 		:		1354868355911
     [java]  DATA 			:		2
     [java] ------------------ DNS SERVER LOG STOP -----------------------
     [java] ------------------ DNS SERVER LOG START ----------------------
     [java]  PUBLISHER 			:		1
     [java]  CONSUMER TYPE 		:		DNS(ID: 1, PRIORITY: 0)
     [java]  PRIORITY 			:		1
     [java]  MESSAGE TYPE 		:		(Type : INFO , Code: 3 )
     [java]  TIME STAMP 		:		1354868355935
     [java]  DATA 			:		REGISTERED: TTS( ID: 1 )
     [java] ------------------ DNS SERVER LOG STOP -----------------------
     [java] ------------------ DNS SERVER LOG START ----------------------
     [java]  PUBLISHER 			:		11
     [java]  CONSUMER TYPE 		:		HANSOLO(ID: 1, PRIORITY: 0)
     [java]  PRIORITY 			:		1
     [java]  MESSAGE TYPE 		:		(Type : REGISTER , Code: 1 )
     [java]  TIME STAMP 		:		1354868524508
     [java]  DATA 			:		11
     [java] ------------------ DNS SERVER LOG STOP -----------------------
     [java] ------------------ DNS SERVER LOG START ----------------------
     [java]  PUBLISHER 			:		1
     [java]  CONSUMER TYPE 		:		DNS(ID: 1, PRIORITY: 0)
     [java]  PRIORITY 			:		1
     [java]  MESSAGE TYPE 		:		(Type : INFO , Code: 3 )
     [java]  TIME STAMP 		:		1354868524528
     [java]  DATA 			:		REGISTERED: HANSOLO( ID: 1 )
     [java] ------------------ DNS SERVER LOG STOP -----------------------
     [java] ------------------ DNS SERVER LOG START ----------------------
     [java]  PUBLISHER 			:		3
     [java]  CONSUMER TYPE 		:		R2D2(ID: 1, PRIORITY: 0)
     [java]  PRIORITY 			:		1
     [java]  MESSAGE TYPE 		:		(Type : REGISTER , Code: 1 )
     [java]  TIME STAMP 		:		1354868579334
     [java]  DATA 			:		3
     [java] ------------------ DNS SERVER LOG STOP -----------------------
     [java] ------------------ DNS SERVER LOG START ----------------------
     [java]  PUBLISHER 			:		1
     [java]  CONSUMER TYPE 		:		DNS(ID: 1, PRIORITY: 0)
     [java]  PRIORITY 			:		1
     [java]  MESSAGE TYPE 		:		(Type : INFO , Code: 3 )
     [java]  TIME STAMP 		:		1354868575090
     [java]  DATA 			:		REGISTERED: R2D2( ID: 1 )
     [java] ------------------ DNS SERVER LOG STOP -----------------------
     [java] [HandlePublisher]null
     [java] [HandlePublisher] Publisher socket closed ... 
     [java] [HandleSubscriber]Broken pipe
     [java] Replacing previously existing entry for R2D2
     [java] ------------------ DNS SERVER LOG START ----------------------
     [java]  PUBLISHER 			:		3
     [java]  CONSUMER TYPE 		:		R2D2(ID: 1, PRIORITY: 0)
     [java]  PRIORITY 			:		1
     [java]  MESSAGE TYPE 		:		(Type : REGISTER , Code: 1 )
     [java]  TIME STAMP 		:		1354868610803
     [java]  DATA 			:		3
     [java] ------------------ DNS SERVER LOG STOP -----------------------
     [java] ------------------ DNS SERVER LOG START ----------------------
     [java]  PUBLISHER 			:		1
     [java]  CONSUMER TYPE 		:		DNS(ID: 1, PRIORITY: 0)
     [java]  PRIORITY 			:		1
     [java]  MESSAGE TYPE 		:		(Type : INFO , Code: 3 )
     [java]  TIME STAMP 		:		1354868606580
     [java]  DATA 			:		REGISTERED: R2D2( ID: 1 )
     [java] ------------------ DNS SERVER LOG STOP -----------------------
     [java] ------------------ DNS SERVER LOG START ----------------------
     [java]  PUBLISHER 			:		23
     [java]  CONSUMER TYPE 		:		SIPSERVER(ID: 1, PRIORITY: 0)
     [java]  PRIORITY 			:		1
     [java]  MESSAGE TYPE 		:		(Type : REGISTER , Code: 1 )
     [java]  TIME STAMP 		:		1354868738203
     [java]  DATA 			:		23
     [java] ------------------ DNS SERVER LOG STOP -----------------------
     [java] ------------------ DNS SERVER LOG START ----------------------
     [java]  PUBLISHER 			:		1
     [java]  CONSUMER TYPE 		:		DNS(ID: 1, PRIORITY: 0)
     [java]  PRIORITY 			:		1
     [java]  MESSAGE TYPE 		:		(Type : INFO , Code: 3 )
     [java]  TIME STAMP 		:		1354868738268
     [java]  DATA 			:		REGISTERED: SIPSERVER( ID: 1 )
     [java] ------------------ DNS SERVER LOG STOP -----------------------
     [java] ------------------ DNS SERVER LOG START ----------------------
     [java]  PUBLISHER 			:		23
     [java]  CONSUMER TYPE 		:		SIPSERVER(ID: 1, PRIORITY: 0)
     [java]  PRIORITY 			:		0
     [java]  MESSAGE TYPE 		:		(Type : INFO , Code: 3 )
     [java]  TIME STAMP 		:		1354868762685
     [java]  DATA 			:		SIPSERVER New Caller
     [java] ------------------ DNS SERVER LOG STOP -----------------------
     [java] ------------------ DNS SERVER LOG START ----------------------
     [java]  PUBLISHER 			:		23
     [java]  CONSUMER TYPE 		:		SIPSERVER(ID: 1, PRIORITY: 0)
     [java]  PRIORITY 			:		1
     [java]  MESSAGE TYPE 		:		(Type : ACTION , Code: 2 )
     [java]  TIME STAMP 		:		1354868762686
     [java]  DATA 			:		HANSOLO START
     [java] ------------------ DNS SERVER LOG STOP -----------------------
     [java] ------------------ DNS SERVER LOG START ----------------------
     [java]  PUBLISHER 			:		11
     [java]  CONSUMER TYPE 		:		HANSOLO(ID: 1, PRIORITY: 0)
     [java]  PRIORITY 			:		1
     [java]  MESSAGE TYPE 		:		(Type : ACTION , Code: 2 )
     [java]  TIME STAMP 		:		1354868762698
     [java]  DATA 			:		C3PO_SPEAK Welcome to Raxa Medicine Reminder service
     [java] ------------------ DNS SERVER LOG STOP -----------------------
     [java] ------------------ DNS SERVER LOG START ----------------------
     [java]  PUBLISHER 			:		11
     [java]  CONSUMER TYPE 		:		HANSOLO(ID: 1, PRIORITY: 0)
     [java]  PRIORITY 			:		1
     [java]  MESSAGE TYPE 		:		(Type : ACTION , Code: 2 )
     [java]  TIME STAMP 		:		1354868762701
     [java]  DATA 			:		C3PO_SPEAK Please tell me your name
     [java] ------------------ DNS SERVER LOG STOP -----------------------
     [java] ------------------ DNS SERVER LOG START ----------------------
     [java]  PUBLISHER 			:		11
     [java]  CONSUMER TYPE 		:		HANSOLO(ID: 1, PRIORITY: 0)
     [java]  PRIORITY 			:		1
     [java]  MESSAGE TYPE 		:		(Type : ACTION , Code: 2 )
     [java]  TIME STAMP 		:		1354868762702
     [java]  DATA 			:		R2D2 RECOGNIZE NAME
     [java] ------------------ DNS SERVER LOG STOP -----------------------
     [java] ------------------ DNS SERVER LOG START ----------------------
     [java]  PUBLISHER 			:		2
     [java]  CONSUMER TYPE 		:		TTS(ID: 1, PRIORITY: 0)
     [java]  PRIORITY 			:		1
     [java]  MESSAGE TYPE 		:		(Type : ACTION , Code: 2 )
     [java]  TIME STAMP 		:		1354868762804
     [java]  DATA 			:		HANSOLO NEXT
     [java] ------------------ DNS SERVER LOG STOP -----------------------
     [java] ------------------ DNS SERVER LOG START ----------------------
     [java]  PUBLISHER 			:		2
     [java]  CONSUMER TYPE 		:		TTS(ID: 1, PRIORITY: 0)
     [java]  PRIORITY 			:		1
     [java]  MESSAGE TYPE 		:		(Type : ACTION , Code: 2 )
     [java]  TIME STAMP 		:		1354868762828
     [java]  DATA 			:		HANSOLO NEXT
     [java] ------------------ DNS SERVER LOG STOP -----------------------
     [java] ------------------ DNS SERVER LOG START ----------------------
     [java]  PUBLISHER 			:		3
     [java]  CONSUMER TYPE 		:		R2D2(ID: 1, PRIORITY: 0)
     [java]  PRIORITY 			:		1
     [java]  MESSAGE TYPE 		:		(Type : ACTION , Code: 2 )
     [java]  TIME STAMP 		:		1354868770447
     [java]  DATA 			:		HANSOLO SET NAME rita
     [java] ------------------ DNS SERVER LOG STOP -----------------------
     [java] ------------------ DNS SERVER LOG START ----------------------
     [java]  PUBLISHER 			:		11
     [java]  CONSUMER TYPE 		:		HANSOLO(ID: 1, PRIORITY: 0)
     [java]  PRIORITY 			:		1
     [java]  MESSAGE TYPE 		:		(Type : ACTION , Code: 2 )
     [java]  TIME STAMP 		:		1354868767794
     [java]  DATA 			:		C3PO_SPEAK Hello rita . Your today's prescriptions are
     [java] ------------------ DNS SERVER LOG STOP -----------------------
     [java] ------------------ DNS SERVER LOG START ----------------------
     [java]  PUBLISHER 			:		11
     [java]  CONSUMER TYPE 		:		HANSOLO(ID: 1, PRIORITY: 0)
     [java]  PRIORITY 			:		1
     [java]  MESSAGE TYPE 		:		(Type : ACTION , Code: 2 )
     [java]  TIME STAMP 		:		1354868767794
     [java]  DATA 			:		C3PO_SPEAK A dose of ACETAZOLAMIDE which started on 2012
     [java] ------------------ DNS SERVER LOG STOP -----------------------
     [java] ------------------ DNS SERVER LOG START ----------------------
     [java]  PUBLISHER 			:		11
     [java]  CONSUMER TYPE 		:		HANSOLO(ID: 1, PRIORITY: 0)
     [java]  PRIORITY 			:		1
     [java]  MESSAGE TYPE 		:		(Type : ACTION , Code: 2 )
     [java]  TIME STAMP 		:		1354868767795
     [java]  DATA 			:		C3PO_SPEAK take it regularly .
     [java] ------------------ DNS SERVER LOG STOP -----------------------
     [java] ------------------ DNS SERVER LOG START ----------------------
     [java]  PUBLISHER 			:		11
     [java]  CONSUMER TYPE 		:		HANSOLO(ID: 1, PRIORITY: 0)
     [java]  PRIORITY 			:		1
     [java]  MESSAGE TYPE 		:		(Type : ACTION , Code: 2 )
     [java]  TIME STAMP 		:		1354868767795
     [java]  DATA 			:		C3PO_SPEAK Thank you. have a nice day
     [java] ------------------ DNS SERVER LOG STOP -----------------------
     [java] ------------------ DNS SERVER LOG START ----------------------
     [java]  PUBLISHER 			:		2
     [java]  CONSUMER TYPE 		:		TTS(ID: 1, PRIORITY: 0)
     [java]  PRIORITY 			:		1
     [java]  MESSAGE TYPE 		:		(Type : ACTION , Code: 2 )
     [java]  TIME STAMP 		:		1354868767856
     [java]  DATA 			:		HANSOLO NEXT
     [java] ------------------ DNS SERVER LOG STOP -----------------------
     [java] ------------------ DNS SERVER LOG START ----------------------
     [java]  PUBLISHER 			:		2
     [java]  CONSUMER TYPE 		:		TTS(ID: 1, PRIORITY: 0)
     [java]  PRIORITY 			:		1
     [java]  MESSAGE TYPE 		:		(Type : ACTION , Code: 2 )
     [java]  TIME STAMP 		:		1354868767906
     [java]  DATA 			:		HANSOLO NEXT
     [java] ------------------ DNS SERVER LOG STOP -----------------------
     [java] ------------------ DNS SERVER LOG START ----------------------
     [java]  PUBLISHER 			:		2
     [java]  CONSUMER TYPE 		:		TTS(ID: 1, PRIORITY: 0)
     [java]  PRIORITY 			:		1
     [java]  MESSAGE TYPE 		:		(Type : ACTION , Code: 2 )
     [java]  TIME STAMP 		:		1354868767932
     [java]  DATA 			:		HANSOLO NEXT
     [java] ------------------ DNS SERVER LOG STOP -----------------------
     [java] ------------------ DNS SERVER LOG START ----------------------
     [java]  PUBLISHER 			:		2
     [java]  CONSUMER TYPE 		:		TTS(ID: 1, PRIORITY: 0)
     [java]  PRIORITY 			:		1
     [java]  MESSAGE TYPE 		:		(Type : ACTION , Code: 2 )
     [java]  TIME STAMP 		:		1354868767958
     [java]  DATA 			:		HANSOLO NEXT
     [java] ------------------ DNS SERVER LOG STOP -----------------------
     [java] ------------------ DNS SERVER LOG START ----------------------
     [java]  PUBLISHER 			:		23
     [java]  CONSUMER TYPE 		:		SIPSERVER(ID: 1, PRIORITY: 0)
     [java]  PRIORITY 			:		0
     [java]  MESSAGE TYPE 		:		(Type : INFO , Code: 3 )
     [java]  TIME STAMP 		:		1354868792174
     [java]  DATA 			:		SIPSERVER Caller Hungup
     [java] ------------------ DNS SERVER LOG STOP -----------------------
     [java] ------------------ DNS SERVER LOG START ----------------------
     [java]  PUBLISHER 			:		23
     [java]  CONSUMER TYPE 		:		SIPSERVER(ID: 1, PRIORITY: 0)
     [java]  PRIORITY 			:		1
     [java]  MESSAGE TYPE 		:		(Type : ACTION , Code: 2 )
     [java]  TIME STAMP 		:		1354868792176
     [java]  DATA 			:		HANSOLO STOP
     [java] ------------------ DNS SERVER LOG STOP -----------------------
